2025-05-13 [19:45:58.923] [Server thread/INFO]: Loading server configuration
2025-05-13 [19:45:58.942] [Server thread/INFO]: Selected English (eng) as the base language
2025-05-13 [19:45:58.944] [Server thread/INFO]: Starting Minecraft: Bedrock Edition server version v1.21.80
2025-05-13 [19:45:58.952] [Server thread/INFO]: Online mode is enabled. The server will verify that players are authenticated to Xbox Live.
2025-05-13 [19:45:59.060] [Server thread/INFO]: This server is running PocketMine-MP version 5.28.0
2025-05-13 [19:45:59.061] [Server thread/INFO]: PocketMine-MP is distributed under the LGPL License
2025-05-13 [19:45:59.584] [Server thread/INFO]: Loading resource packs...
2025-05-13 [19:45:59.826] [Server thread/INFO]: Preparing world "world"
2025-05-13 [19:45:59.846] [Server thread/NOTICE]: Spawn terrain for world "world" is being generated in the background
2025-05-13 [19:46:00.455] [Server thread/INFO]: Minecraft network interface running on 0.0.0.0:19132
2025-05-13 [19:46:00.456] [Server thread/INFO]: GS4 Query listener running on 0.0.0.0:19132
2025-05-13 [19:46:00.496] [Server thread/INFO]: Minecraft network interface running on [::]:19133
2025-05-13 [19:46:00.496] [Server thread/INFO]: GS4 Query listener running on [::]:19133
2025-05-13 [19:46:00.498] [Server thread/INFO]: Default game type: Survival Mode
2025-05-13 [19:46:00.499] [Server thread/INFO]: If you find this project useful, please consider donating to support development: https://patreon.com/pocketminemp
2025-05-13 [19:46:00.500] [Server thread/INFO]: Done (1.58s)! For help, type "help" or "?"
2025-05-13 [19:46:00.537] [Server thread/INFO]: [Memory Manager] [Cyclic Garbage Collector] Run #1 took 27.73 ms (106696 -> 0 roots, 0 cycles collected) - cumulative GC time: 27.73 ms
2025-05-13 [19:46:01.342] [Server thread/INFO]: [World: world] Generating spawn terrain: 1 / 224 (0%)
2025-05-13 [19:46:01.346] [AsyncWorker#1 thread/INFO]: [Cyclic Garbage Collector] Run #1 took 7.00 ms (43299 -> 0 roots, 0 cycles collected) - cumulative GC time: 7.00 ms
2025-05-13 [19:46:01.389] [AsyncWorker#3 thread/INFO]: [Cyclic Garbage Collector] Run #1 took 5.89 ms (43299 -> 0 roots, 0 cycles collected) - cumulative GC time: 5.89 ms
2025-05-13 [19:46:01.398] [AsyncWorker#4 thread/INFO]: [Cyclic Garbage Collector] Run #1 took 7.40 ms (43299 -> 0 roots, 0 cycles collected) - cumulative GC time: 7.40 ms
2025-05-13 [19:46:01.412] [AsyncWorker#6 thread/INFO]: [Cyclic Garbage Collector] Run #1 took 8.30 ms (43299 -> 0 roots, 0 cycles collected) - cumulative GC time: 8.30 ms
2025-05-13 [19:46:01.416] [AsyncWorker#8 thread/INFO]: [Cyclic Garbage Collector] Run #1 took 6.85 ms (43299 -> 0 roots, 0 cycles collected) - cumulative GC time: 6.85 ms
2025-05-13 [19:46:01.420] [AsyncWorker#5 thread/INFO]: [Cyclic Garbage Collector] Run #1 took 12.71 ms (43300 -> 0 roots, 0 cycles collected) - cumulative GC time: 12.71 ms
2025-05-13 [19:46:01.424] [AsyncWorker#2 thread/INFO]: [Cyclic Garbage Collector] Run #1 took 11.66 ms (43299 -> 0 roots, 0 cycles collected) - cumulative GC time: 11.66 ms
2025-05-13 [19:46:01.432] [AsyncWorker#7 thread/INFO]: [Cyclic Garbage Collector] Run #1 took 10.35 ms (43300 -> 0 roots, 0 cycles collected) - cumulative GC time: 10.35 ms
2025-05-13 [19:46:01.435] [AsyncWorker#9 thread/INFO]: [Cyclic Garbage Collector] Run #1 took 11.44 ms (43299 -> 0 roots, 0 cycles collected) - cumulative GC time: 11.44 ms
2025-05-13 [19:46:01.443] [AsyncWorker#12 thread/INFO]: [Cyclic Garbage Collector] Run #1 took 8.46 ms (43299 -> 0 roots, 0 cycles collected) - cumulative GC time: 8.46 ms
2025-05-13 [19:46:01.453] [AsyncWorker#15 thread/INFO]: [Cyclic Garbage Collector] Run #1 took 12.45 ms (43300 -> 0 roots, 0 cycles collected) - cumulative GC time: 12.45 ms
2025-05-13 [19:46:01.454] [AsyncWorker#10 thread/INFO]: [Cyclic Garbage Collector] Run #1 took 11.80 ms (43299 -> 0 roots, 0 cycles collected) - cumulative GC time: 11.80 ms
2025-05-13 [19:46:01.456] [AsyncWorker#14 thread/INFO]: [Cyclic Garbage Collector] Run #1 took 13.82 ms (43299 -> 0 roots, 0 cycles collected) - cumulative GC time: 13.82 ms
2025-05-13 [19:46:01.463] [AsyncWorker#18 thread/INFO]: [Cyclic Garbage Collector] Run #1 took 11.91 ms (43300 -> 0 roots, 0 cycles collected) - cumulative GC time: 11.91 ms
2025-05-13 [19:46:01.465] [AsyncWorker#11 thread/INFO]: [Cyclic Garbage Collector] Run #1 took 10.09 ms (43300 -> 0 roots, 0 cycles collected) - cumulative GC time: 10.09 ms
2025-05-13 [19:46:01.474] [AsyncWorker#0 thread/INFO]: [Cyclic Garbage Collector] Run #1 took 15.42 ms (43307 -> 0 roots, 0 cycles collected) - cumulative GC time: 15.42 ms
2025-05-13 [19:46:01.476] [AsyncWorker#16 thread/INFO]: [Cyclic Garbage Collector] Run #1 took 15.49 ms (43300 -> 0 roots, 0 cycles collected) - cumulative GC time: 15.49 ms
2025-05-13 [19:46:01.477] [AsyncWorker#17 thread/INFO]: [Cyclic Garbage Collector] Run #1 took 16.95 ms (43299 -> 0 roots, 0 cycles collected) - cumulative GC time: 16.95 ms
2025-05-13 [19:46:01.481] [AsyncWorker#20 thread/INFO]: [Cyclic Garbage Collector] Run #1 took 14.18 ms (43299 -> 0 roots, 0 cycles collected) - cumulative GC time: 14.18 ms
2025-05-13 [19:46:01.482] [AsyncWorker#21 thread/INFO]: [Cyclic Garbage Collector] Run #1 took 13.85 ms (43299 -> 0 roots, 0 cycles collected) - cumulative GC time: 13.85 ms
2025-05-13 [19:46:01.484] [AsyncWorker#13 thread/INFO]: [Cyclic Garbage Collector] Run #1 took 13.47 ms (43300 -> 0 roots, 0 cycles collected) - cumulative GC time: 13.47 ms
2025-05-13 [19:46:01.488] [Server thread/INFO]: [World: world] Generating spawn terrain: 23 / 224 (10%)
2025-05-13 [19:46:01.489] [AsyncWorker#19 thread/INFO]: [Cyclic Garbage Collector] Run #1 took 11.07 ms (43299 -> 0 roots, 0 cycles collected) - cumulative GC time: 11.07 ms
2025-05-13 [19:46:01.551] [Server thread/INFO]: [World: world] Generating spawn terrain: 45 / 224 (20%)
2025-05-13 [19:46:01.635] [Server thread/INFO]: [World: world] Generating spawn terrain: 68 / 224 (30%)
2025-05-13 [19:46:01.755] [Server thread/INFO]: [World: world] Generating spawn terrain: 90 / 224 (40%)
2025-05-13 [19:46:01.835] [Server thread/INFO]: [World: world] Generating spawn terrain: 112 / 224 (50%)
2025-05-13 [19:46:01.916] [Server thread/INFO]: [World: world] Generating spawn terrain: 135 / 224 (60%)
2025-05-13 [19:46:02.054] [Server thread/INFO]: [World: world] Generating spawn terrain: 157 / 224 (70%)
2025-05-13 [19:46:02.179] [Server thread/INFO]: [World: world] Generating spawn terrain: 180 / 224 (80%)
2025-05-13 [19:46:02.486] [Server thread/INFO]: [World: world] Generating spawn terrain: 202 / 224 (90%)
2025-05-13 [19:46:02.824] [Server thread/INFO]: [World: world] Generating spawn terrain: 224 / 224 (100%)
2025-05-13 [20:07:28.125] [Server thread/INFO]: Loading server configuration
2025-05-13 [20:07:28.141] [Server thread/INFO]: Selected English (eng) as the base language
2025-05-13 [20:07:28.143] [Server thread/INFO]: Starting Minecraft: Bedrock Edition server version v1.21.80
2025-05-13 [20:07:28.147] [Server thread/INFO]: Online mode is enabled. The server will verify that players are authenticated to Xbox Live.
2025-05-13 [20:07:28.257] [Server thread/INFO]: This server is running PocketMine-MP version 5.28.0
2025-05-13 [20:07:28.257] [Server thread/INFO]: PocketMine-MP is distributed under the LGPL License
2025-05-13 [20:07:28.752] [Server thread/INFO]: Loading resource packs...
2025-05-13 [20:07:28.984] [Server thread/INFO]: Preparing world "world"
2025-05-13 [20:07:29.359] [Server thread/INFO]: Minecraft network interface running on 0.0.0.0:19132
2025-05-13 [20:07:29.360] [Server thread/INFO]: GS4 Query listener running on 0.0.0.0:19132
2025-05-13 [20:07:29.374] [Server thread/INFO]: Minecraft network interface running on [::]:19133
2025-05-13 [20:07:29.374] [Server thread/INFO]: GS4 Query listener running on [::]:19133
2025-05-13 [20:07:29.374] [Server thread/INFO]: Default game type: Survival Mode
2025-05-13 [20:07:29.375] [Server thread/INFO]: If you find this project useful, please consider donating to support development: https://patreon.com/pocketminemp
2025-05-13 [20:07:29.375] [Server thread/INFO]: Done (1.252s)! For help, type "help" or "?"
2025-05-13 [20:07:29.396] [Server thread/INFO]: [Memory Manager] [Cyclic Garbage Collector] Run #1 took 15.38 ms (104724 -> 0 roots, 0 cycles collected) - cumulative GC time: 15.38 ms
2025-05-13 [20:19:29.751] [Server thread/INFO]: Loading server configuration
2025-05-13 [20:19:29.762] [Server thread/INFO]: Selected English (eng) as the base language
2025-05-13 [20:19:29.763] [Server thread/INFO]: Starting Minecraft: Bedrock Edition server version v1.21.80
2025-05-13 [20:19:29.767] [Server thread/INFO]: Online mode is enabled. The server will verify that players are authenticated to Xbox Live.
2025-05-13 [20:19:29.876] [Server thread/INFO]: This server is running PocketMine-MP version 5.28.0
2025-05-13 [20:19:29.877] [Server thread/INFO]: PocketMine-MP is distributed under the LGPL License
2025-05-13 [20:19:30.381] [Server thread/INFO]: Loading resource packs...
2025-05-13 [20:19:30.597] [Server thread/INFO]: Preparing world "world"
2025-05-13 [20:19:30.975] [Server thread/INFO]: Minecraft network interface running on 0.0.0.0:19132
2025-05-13 [20:19:30.975] [Server thread/INFO]: GS4 Query listener running on 0.0.0.0:19132
2025-05-13 [20:19:30.990] [Server thread/INFO]: Minecraft network interface running on [::]:19133
2025-05-13 [20:19:30.990] [Server thread/INFO]: GS4 Query listener running on [::]:19133
2025-05-13 [20:19:30.991] [Server thread/INFO]: Default game type: Survival Mode
2025-05-13 [20:19:30.991] [Server thread/INFO]: If you find this project useful, please consider donating to support development: https://patreon.com/pocketminemp
2025-05-13 [20:19:30.991] [Server thread/INFO]: Done (1.242s)! For help, type "help" or "?"
2025-05-13 [20:19:31.014] [Server thread/INFO]: [Memory Manager] [Cyclic Garbage Collector] Run #1 took 16.08 ms (104724 -> 0 roots, 0 cycles collected) - cumulative GC time: 16.08 ms
2025-05-13 [20:19:47.083] [Server thread/INFO]: [NetworkSession: 127.0.0.1 50125] Session opened
2025-05-13 [20:19:47.243] [Server thread/INFO]: [NetworkSession: 127.0.0.1 50125] Player: Ashibol
2025-05-13 [20:19:47.745] [Server thread/INFO]: Ashibol[/127.0.0.1:50125] logged in with entity id 1 at (world, 256, 72, 256)
2025-05-13 [20:19:47.947] [Server thread/INFO]: [Memory Manager] [Cyclic Garbage Collector] Run #2 took 36.31 ms (73175 -> 0 roots, 0 cycles collected) - cumulative GC time: 52.39 ms
2025-05-13 [20:19:48.832] [AsyncWorker#4 thread/INFO]: [Cyclic Garbage Collector] Run #1 took 9.18 ms (43154 -> 0 roots, 0 cycles collected) - cumulative GC time: 9.18 ms
2025-05-13 [20:19:48.895] [AsyncWorker#9 thread/INFO]: [Cyclic Garbage Collector] Run #1 took 9.46 ms (43154 -> 0 roots, 0 cycles collected) - cumulative GC time: 9.46 ms
2025-05-13 [20:19:48.919] [AsyncWorker#10 thread/INFO]: [Cyclic Garbage Collector] Run #1 took 10.57 ms (43154 -> 0 roots, 0 cycles collected) - cumulative GC time: 10.57 ms
2025-05-13 [20:19:48.930] [AsyncWorker#16 thread/INFO]: [Cyclic Garbage Collector] Run #1 took 13.56 ms (43154 -> 0 roots, 0 cycles collected) - cumulative GC time: 13.56 ms
2025-05-13 [20:19:48.937] [AsyncWorker#17 thread/INFO]: [Cyclic Garbage Collector] Run #1 took 14.13 ms (43154 -> 0 roots, 0 cycles collected) - cumulative GC time: 14.13 ms
2025-05-13 [20:19:48.940] [AsyncWorker#18 thread/INFO]: [Cyclic Garbage Collector] Run #1 took 14.26 ms (43154 -> 0 roots, 0 cycles collected) - cumulative GC time: 14.26 ms
2025-05-13 [20:19:48.942] [AsyncWorker#15 thread/INFO]: [Cyclic Garbage Collector] Run #1 took 15.69 ms (43154 -> 0 roots, 0 cycles collected) - cumulative GC time: 15.69 ms
2025-05-13 [20:19:49.428] [AsyncWorker#3 thread/INFO]: [Cyclic Garbage Collector] Run #1 took 22.64 ms (67009 -> 0 roots, 0 cycles collected) - cumulative GC time: 22.64 ms
2025-05-13 [20:19:49.437] [AsyncWorker#0 thread/INFO]: [Cyclic Garbage Collector] Run #1 took 23.90 ms (67017 -> 0 roots, 0 cycles collected) - cumulative GC time: 23.90 ms
2025-05-13 [20:19:49.501] [AsyncWorker#4 thread/INFO]: [Cyclic Garbage Collector] Run #2 took 15.02 ms (27198 -> 0 roots, 0 cycles collected) - cumulative GC time: 24.20 ms
2025-05-13 [20:19:49.536] [AsyncWorker#2 thread/INFO]: [Cyclic Garbage Collector] Run #1 took 25.47 ms (67009 -> 0 roots, 0 cycles collected) - cumulative GC time: 25.47 ms
2025-05-13 [20:19:49.541] [AsyncWorker#1 thread/INFO]: [Cyclic Garbage Collector] Run #1 took 27.12 ms (67010 -> 0 roots, 0 cycles collected) - cumulative GC time: 27.12 ms
2025-05-13 [20:19:49.566] [AsyncWorker#6 thread/INFO]: [Cyclic Garbage Collector] Run #1 took 22.72 ms (67017 -> 0 roots, 0 cycles collected) - cumulative GC time: 22.72 ms
2025-05-13 [20:19:49.595] [AsyncWorker#5 thread/INFO]: [Cyclic Garbage Collector] Run #1 took 25.09 ms (67010 -> 0 roots, 0 cycles collected) - cumulative GC time: 25.09 ms
2025-05-13 [20:19:49.604] [AsyncWorker#8 thread/INFO]: [Cyclic Garbage Collector] Run #1 took 25.43 ms (67013 -> 0 roots, 0 cycles collected) - cumulative GC time: 25.43 ms
2025-05-13 [20:19:49.613] [AsyncWorker#7 thread/INFO]: [Cyclic Garbage Collector] Run #1 took 25.63 ms (67009 -> 0 roots, 0 cycles collected) - cumulative GC time: 25.63 ms
2025-05-13 [20:19:49.623] [AsyncWorker#18 thread/INFO]: [Cyclic Garbage Collector] Run #2 took 18.14 ms (27186 -> 0 roots, 0 cycles collected) - cumulative GC time: 32.40 ms
2025-05-13 [20:19:49.629] [AsyncWorker#9 thread/INFO]: [Cyclic Garbage Collector] Run #2 took 22.50 ms (27184 -> 0 roots, 0 cycles collected) - cumulative GC time: 31.96 ms
2025-05-13 [20:19:49.644] [AsyncWorker#11 thread/INFO]: [Cyclic Garbage Collector] Run #1 took 25.06 ms (67008 -> 0 roots, 0 cycles collected) - cumulative GC time: 25.06 ms
2025-05-13 [20:19:49.656] [AsyncWorker#10 thread/INFO]: [Cyclic Garbage Collector] Run #2 took 23.55 ms (27206 -> 0 roots, 0 cycles collected) - cumulative GC time: 34.13 ms
2025-05-13 [20:19:49.657] [AsyncWorker#16 thread/INFO]: [Cyclic Garbage Collector] Run #2 took 22.16 ms (27186 -> 0 roots, 0 cycles collected) - cumulative GC time: 35.72 ms
2025-05-13 [20:19:49.662] [AsyncWorker#14 thread/INFO]: [Cyclic Garbage Collector] Run #1 took 30.11 ms (67010 -> 0 roots, 0 cycles collected) - cumulative GC time: 30.11 ms
2025-05-13 [20:19:49.664] [AsyncWorker#13 thread/INFO]: [Cyclic Garbage Collector] Run #1 took 28.98 ms (67010 -> 0 roots, 0 cycles collected) - cumulative GC time: 28.98 ms
2025-05-13 [20:19:49.666] [AsyncWorker#12 thread/INFO]: [Cyclic Garbage Collector] Run #1 took 28.18 ms (67010 -> 0 roots, 0 cycles collected) - cumulative GC time: 28.18 ms
2025-05-13 [20:19:49.669] [AsyncWorker#17 thread/INFO]: [Cyclic Garbage Collector] Run #2 took 13.78 ms (27202 -> 0 roots, 0 cycles collected) - cumulative GC time: 27.91 ms
2025-05-13 [20:19:49.687] [AsyncWorker#19 thread/INFO]: [Cyclic Garbage Collector] Run #1 took 19.54 ms (67014 -> 0 roots, 0 cycles collected) - cumulative GC time: 19.54 ms
2025-05-13 [20:19:49.689] [AsyncWorker#20 thread/INFO]: [Cyclic Garbage Collector] Run #1 took 15.19 ms (67008 -> 0 roots, 0 cycles collected) - cumulative GC time: 15.19 ms
2025-05-13 [20:19:49.706] [AsyncWorker#21 thread/INFO]: [Cyclic Garbage Collector] Run #1 took 17.10 ms (67010 -> 0 roots, 0 cycles collected) - cumulative GC time: 17.10 ms
2025-05-13 [20:19:49.721] [AsyncWorker#15 thread/INFO]: [Cyclic Garbage Collector] Run #2 took 8.61 ms (27187 -> 0 roots, 0 cycles collected) - cumulative GC time: 24.30 ms
2025-05-13 [20:19:51.115] [Server thread/INFO]: Ashibol joined the game
2025-05-13 [20:19:54.574] [Server thread/INFO]: [Memory Manager] [Cyclic Garbage Collector] Run #3 took 21.90 ms (30073 -> 0 roots, 0 cycles collected) - cumulative GC time: 74.29 ms
2025-05-13 [20:20:13.833] [Server thread/INFO]: [Memory Manager] [Cyclic Garbage Collector] Run #4 took 32.69 ms (40020 -> 0 roots, 0 cycles collected) - cumulative GC time: 106.98 ms
2025-05-13 [20:22:52.128] [Server thread/INFO]: Ashibol left the game
2025-05-13 [20:22:52.136] [Server thread/INFO]: [NetworkSession: Ashibol] Session closed: Client disconnected
2025-05-13 [21:27:39.862] [Server thread/INFO]: [NetworkSession: 127.0.0.1 50125] Session opened
2025-05-13 [21:27:40.019] [Server thread/INFO]: [NetworkSession: 127.0.0.1 50125] Player: Ashibol
2025-05-13 [21:27:40.474] [Server thread/INFO]: Ashibol[/127.0.0.1:50125] logged in with entity id 5 at (world, 255.6568, 89, 169.3813)
2025-05-13 [21:27:41.431] [AsyncWorker#4 thread/INFO]: [Cyclic Garbage Collector] Run #1 took 10.54 ms (43154 -> 0 roots, 0 cycles collected) - cumulative GC time: 10.54 ms
2025-05-13 [21:27:41.497] [AsyncWorker#9 thread/INFO]: [Cyclic Garbage Collector] Run #1 took 8.55 ms (43154 -> 0 roots, 0 cycles collected) - cumulative GC time: 8.55 ms
2025-05-13 [21:27:41.509] [AsyncWorker#10 thread/INFO]: [Cyclic Garbage Collector] Run #1 took 11.79 ms (43154 -> 0 roots, 0 cycles collected) - cumulative GC time: 11.79 ms
2025-05-13 [21:27:41.545] [AsyncWorker#17 thread/INFO]: [Cyclic Garbage Collector] Run #1 took 9.90 ms (43154 -> 0 roots, 0 cycles collected) - cumulative GC time: 9.90 ms
2025-05-13 [21:27:41.576] [AsyncWorker#18 thread/INFO]: [Cyclic Garbage Collector] Run #1 took 11.47 ms (43154 -> 0 roots, 0 cycles collected) - cumulative GC time: 11.47 ms
2025-05-13 [21:27:41.587] [AsyncWorker#16 thread/INFO]: [Cyclic Garbage Collector] Run #1 took 14.21 ms (43154 -> 0 roots, 0 cycles collected) - cumulative GC time: 14.21 ms
2025-05-13 [21:27:41.594] [AsyncWorker#15 thread/INFO]: [Cyclic Garbage Collector] Run #1 took 23.85 ms (43154 -> 0 roots, 0 cycles collected) - cumulative GC time: 23.85 ms
2025-05-13 [21:27:41.976] [AsyncWorker#0 thread/INFO]: [Cyclic Garbage Collector] Run #1 took 21.85 ms (67011 -> 0 roots, 0 cycles collected) - cumulative GC time: 21.85 ms
2025-05-13 [21:27:42.035] [AsyncWorker#2 thread/INFO]: [Cyclic Garbage Collector] Run #1 took 19.07 ms (67004 -> 0 roots, 0 cycles collected) - cumulative GC time: 19.07 ms
2025-05-13 [21:27:42.044] [AsyncWorker#1 thread/INFO]: [Cyclic Garbage Collector] Run #1 took 21.96 ms (67010 -> 0 roots, 0 cycles collected) - cumulative GC time: 21.96 ms
2025-05-13 [21:27:42.083] [AsyncWorker#3 thread/INFO]: [Cyclic Garbage Collector] Run #1 took 20.26 ms (67005 -> 0 roots, 0 cycles collected) - cumulative GC time: 20.26 ms
2025-05-13 [21:27:42.111] [AsyncWorker#7 thread/INFO]: [Cyclic Garbage Collector] Run #1 took 22.04 ms (67004 -> 0 roots, 0 cycles collected) - cumulative GC time: 22.04 ms
2025-05-13 [21:27:42.118] [AsyncWorker#4 thread/INFO]: [Cyclic Garbage Collector] Run #2 took 17.52 ms (27183 -> 0 roots, 0 cycles collected) - cumulative GC time: 28.06 ms
2025-05-13 [21:27:42.118] [AsyncWorker#5 thread/INFO]: [Cyclic Garbage Collector] Run #1 took 21.99 ms (67013 -> 0 roots, 0 cycles collected) - cumulative GC time: 21.99 ms
2025-05-13 [21:27:42.155] [AsyncWorker#8 thread/INFO]: [Cyclic Garbage Collector] Run #1 took 22.74 ms (67014 -> 0 roots, 0 cycles collected) - cumulative GC time: 22.74 ms
2025-05-13 [21:27:42.166] [AsyncWorker#6 thread/INFO]: [Cyclic Garbage Collector] Run #1 took 23.82 ms (67010 -> 0 roots, 0 cycles collected) - cumulative GC time: 23.82 ms
2025-05-13 [21:27:42.186] [AsyncWorker#14 thread/INFO]: [Cyclic Garbage Collector] Run #1 took 25.32 ms (67006 -> 0 roots, 0 cycles collected) - cumulative GC time: 25.32 ms
2025-05-13 [21:27:42.187] [AsyncWorker#12 thread/INFO]: [Cyclic Garbage Collector] Run #1 took 21.22 ms (67010 -> 0 roots, 0 cycles collected) - cumulative GC time: 21.22 ms
2025-05-13 [21:27:42.191] [AsyncWorker#10 thread/INFO]: [Cyclic Garbage Collector] Run #2 took 20.14 ms (27190 -> 0 roots, 0 cycles collected) - cumulative GC time: 31.93 ms
2025-05-13 [21:27:42.195] [AsyncWorker#11 thread/INFO]: [Cyclic Garbage Collector] Run #1 took 24.57 ms (67010 -> 0 roots, 0 cycles collected) - cumulative GC time: 24.57 ms
2025-05-13 [21:27:42.198] [AsyncWorker#13 thread/INFO]: [Cyclic Garbage Collector] Run #1 took 26.15 ms (67005 -> 0 roots, 0 cycles collected) - cumulative GC time: 26.15 ms
2025-05-13 [21:27:42.226] [AsyncWorker#9 thread/INFO]: [Cyclic Garbage Collector] Run #2 took 16.78 ms (27189 -> 0 roots, 0 cycles collected) - cumulative GC time: 25.33 ms
2025-05-13 [21:27:42.227] [AsyncWorker#17 thread/INFO]: [Cyclic Garbage Collector] Run #2 took 16.25 ms (27190 -> 0 roots, 0 cycles collected) - cumulative GC time: 26.15 ms
2025-05-13 [21:27:42.229] [AsyncWorker#19 thread/INFO]: [Cyclic Garbage Collector] Run #1 took 16.15 ms (67009 -> 0 roots, 0 cycles collected) - cumulative GC time: 16.15 ms
2025-05-13 [21:27:42.242] [AsyncWorker#21 thread/INFO]: [Cyclic Garbage Collector] Run #1 took 12.57 ms (67004 -> 0 roots, 0 cycles collected) - cumulative GC time: 12.57 ms
2025-05-13 [21:27:42.253] [AsyncWorker#18 thread/INFO]: [Cyclic Garbage Collector] Run #2 took 12.39 ms (27175 -> 0 roots, 0 cycles collected) - cumulative GC time: 23.86 ms
2025-05-13 [21:27:42.254] [AsyncWorker#16 thread/INFO]: [Cyclic Garbage Collector] Run #2 took 11.52 ms (27190 -> 0 roots, 0 cycles collected) - cumulative GC time: 25.73 ms
2025-05-13 [21:27:42.253] [AsyncWorker#20 thread/INFO]: [Cyclic Garbage Collector] Run #1 took 13.78 ms (67010 -> 0 roots, 0 cycles collected) - cumulative GC time: 13.78 ms
2025-05-13 [21:27:42.261] [AsyncWorker#15 thread/INFO]: [Cyclic Garbage Collector] Run #2 took 7.60 ms (27183 -> 0 roots, 0 cycles collected) - cumulative GC time: 31.45 ms
2025-05-13 [21:27:43.754] [Server thread/INFO]: Ashibol joined the game
2025-05-13 [21:27:45.076] [Server thread/INFO]: [Memory Manager] [Cyclic Garbage Collector] Run #5 took 18.66 ms (50153 -> 0 roots, 0 cycles collected) - cumulative GC time: 125.64 ms
2025-05-13 [21:28:39.180] [Server thread/INFO]: Ashibol left the game
2025-05-13 [21:28:39.187] [Server thread/INFO]: [NetworkSession: Ashibol] Session closed: Client disconnected
